<?xml version="1.0" encoding="UTF-8"?>
<testsuite xmlns:xsi="http://www.w3.org/2001/XMLSchema-instance" xsi:noNamespaceSchemaLocation="https://maven.apache.org/surefire/maven-surefire-plugin/xsd/surefire-test-report-3.0.xsd" version="3.0" name="TestSuite" time="80.163" tests="5" errors="0" skipped="0" failures="0">
  <properties>
[...]
</properties>
  <testcase name="test1" classname="remoteTesting.ParallelExecution1Test" time="16.986"/>
  <testcase name="test5" classname="remoteTesting.ParallelExecution5Test" time="27.318"/>
  <testcase name="test2" classname="remoteTesting.ParallelExecution2Test" time="28.302"/>
  <testcase name="test4" classname="remoteTesting.ParallelExecution4Test" time="30.015"/>
  <testcase name="test3" classname="remoteTesting.ParallelExecution3Test" time="35.315"/>
</testsuite>