<?xml version="1.0" encoding="UTF-8"?>
<testng-results ignored="0" total="5" passed="5" failed="0" skipped="0">
  <reporter-output>
  </reporter-output>
  <suite started-at="2019-11-07T21:48:16 IST" name="Parallel_Execution_Check" finished-at="2019-11-07T21:49:35 IST" duration-ms="79440">
    <groups>
    </groups>
    <test started-at="2019-11-07T21:48:16 IST" name="parallel_execution_check" finished-at="2019-11-07T21:49:35 IST" duration-ms="79440">
      <class name="remoteTesting.ParallelExecution5Test">
        <test-method signature="test5()[pri:0, instance:remoteTesting.ParallelExecution5Test@58a90037]" started-at="2019-11-07T21:48:51 IST" name="test5" finished-at="2019-11-07T21:49:18 IST" duration-ms="27320" status="PASS">
          <reporter-output>
          </reporter-output>
        </test-method> <!-- test5 -->
      </class> <!-- remoteTesting.ParallelExecution5Test -->
      <class name="remoteTesting.ParallelExecution1Test">
        <test-method is-config="true" signature="hubInitialization()[pri:0, instance:remoteTesting.ParallelExecution1Test@530612ba]" started-at="2019-11-07T21:48:16 IST" name="hubInitialization" finished-at="2019-11-07T21:48:51 IST" duration-ms="35000" status="PASS">
          <reporter-output>
          </reporter-output>
        </test-method> <!-- hubInitialization -->
        <test-method signature="test1()[pri:0, instance:remoteTesting.ParallelExecution1Test@530612ba]" started-at="2019-11-07T21:48:51 IST" name="test1" finished-at="2019-11-07T21:49:08 IST" duration-ms="16977" status="PASS">
          <reporter-output>
          </reporter-output>
        </test-method> <!-- test1 -->
        <test-method is-config="true" signature="hubDeInitialization()[pri:0, instance:remoteTesting.ParallelExecution1Test@530612ba]" started-at="2019-11-07T21:49:26 IST" name="hubDeInitialization" finished-at="2019-11-07T21:49:35 IST" duration-ms="9027" status="PASS">
          <reporter-output>
          </reporter-output>
        </test-method> <!-- hubDeInitialization -->
      </class> <!-- remoteTesting.ParallelExecution1Test -->
      <class name="remoteTesting.ParallelExecution4Test">
        <test-method signature="test4()[pri:0, instance:remoteTesting.ParallelExecution4Test@3bd94634]" started-at="2019-11-07T21:48:51 IST" name="test4" finished-at="2019-11-07T21:49:21 IST" duration-ms="30017" status="PASS">
          <reporter-output>
          </reporter-output>
        </test-method> <!-- test4 -->
      </class> <!-- remoteTesting.ParallelExecution4Test -->
      <class name="remoteTesting.ParallelExecution3Test">
        <test-method signature="test3()[pri:0, instance:remoteTesting.ParallelExecution3Test@f4168b8]" started-at="2019-11-07T21:48:51 IST" name="test3" finished-at="2019-11-07T21:49:26 IST" duration-ms="35318" status="PASS">
          <reporter-output>
          </reporter-output>
        </test-method> <!-- test3 -->
      </class> <!-- remoteTesting.ParallelExecution3Test -->
      <class name="remoteTesting.ParallelExecution2Test">
        <test-method signature="test2()[pri:0, instance:remoteTesting.ParallelExecution2Test@2a40cd94]" started-at="2019-11-07T21:48:51 IST" name="test2" finished-at="2019-11-07T21:49:19 IST" duration-ms="28304" status="PASS">
          <reporter-output>
          </reporter-output>
        </test-method> <!-- test2 -->
      </class> <!-- remoteTesting.ParallelExecution2Test -->
    </test> <!-- parallel_execution_check -->
  </suite> <!-- Parallel_Execution_Check -->
</testng-results>
