<?xml version="1.0" encoding="UTF-8"?>
<!-- Generated by org.testng.reporters.JUnitXMLReporter -->
<testsuite ignored="0" hostname="192.168.1.4" failures="0" tests="5" name="parallel_execution_check" time="79.44" errors="0" timestamp="2019-11-07T21:49:35 IST">
  <testcase classname="remoteTesting.ParallelExecution1Test" name="test1" time="16.977"/>
  <testcase classname="remoteTesting.ParallelExecution5Test" name="test5" time="27.32"/>
  <testcase classname="remoteTesting.ParallelExecution2Test" name="test2" time="28.304"/>
  <testcase classname="remoteTesting.ParallelExecution4Test" name="test4" time="30.017"/>
  <testcase classname="remoteTesting.ParallelExecution3Test" name="test3" time="35.318"/>
</testsuite> <!-- parallel_execution_check -->
